2025-10-03 21:53:48 - Starting FileBrowser installation
2025-10-03 21:53:48 - Checking network connectivity...
2025-10-03 21:53:48 - Network connectivity confirmed
2025-10-03 21:53:48 - Detected OS: Darwin, Architecture: arm64
2025-10-03 21:53:48 - Download URL: https://github.com/filebrowser/filebrowser/releases/download/v2.44.0/darwin-arm64-filebrowser.tar.gz
2025-10-03 21:53:48 - Testing URL accessibility (attempt 1/3)
2025-10-03 21:53:48 - URL is accessible on attempt 1
2025-10-03 21:53:48 - Available disk space: 23444.27734375MB
2025-10-03 21:53:48 - Created temp directory: /tmp/filebrowser_install_68e045ec8d0ce
2025-10-03 21:53:48 - Executing: curl -L -f --connect-timeout 10 --max-time 300 --retry 5 --retry-delay 2 --retry-max-time 120 -o '/tmp/filebrowser_install_68e045ec8d0ce/filebrowser.tar.gz' 'https://github.com/filebrowser/filebrowser/releases/download/v2.44.0/darwin-arm64-filebrowser.tar.gz' 2>&1
2025-10-03 21:53:48 - Downloaded file size: 9592461 bytes
2025-10-03 21:53:48 - Executing: cd '/tmp/filebrowser_install_68e045ec8d0ce' && tar -xzf filebrowser.tar.gz 2>&1 && ls -la filebrowser
2025-10-03 21:53:49 - Binary extraction and test successful
2025-10-03 21:53:49 - Executing: mv '/tmp/filebrowser_install_68e045ec8d0ce/filebrowser' '/Users/paul.mccann/Documents/GitHub/UnRiaid_Apps/bin/filebrowser' 2>&1
2025-10-03 21:53:49 - Set binary permissions
2025-10-03 21:53:49 - Cleaned up temporary files
2025-10-03 21:53:49 - Installation completed successfully
2025-10-03 21:54:21 - Starting FileBrowser installation
2025-10-03 21:54:21 - Checking network connectivity...
2025-10-03 21:54:22 - Network connectivity confirmed
2025-10-03 21:54:22 - FileBrowser binary already exists and is working
